2025-06-23 01:06:30 - utils.error_handler - INFO - Система логирования инициализирована
2025-06-23 01:06:30 - gui.main_window - INFO - Главное окно инициализировано
2025-06-23 01:06:30 - __main__ - INFO - Приложение успешно запущено
2025-06-23 01:06:37 - gui.main_window - INFO - Приложение закрыто
2025-06-23 01:08:12 - utils.error_handler - INFO - Система логирования инициализирована
2025-06-23 01:08:13 - gui.main_window - INFO - Главное окно инициализировано
2025-06-23 01:08:13 - __main__ - INFO - Приложение успешно запущено
2025-06-23 01:08:16 - gui.main_window - INFO - Приложение закрыто
2025-06-23 01:08:18 - utils.error_handler - INFO - Система логирования инициализирована
2025-06-23 01:08:18 - gui.main_window - INFO - Главное окно инициализировано
2025-06-23 01:08:19 - __main__ - INFO - Приложение успешно запущено
2025-06-23 01:08:26 - camera.camera_manager - INFO - Захват с камеры запущен
2025-06-23 01:08:26 - gui.main_window - INFO - Камера запущена
2025-06-23 01:08:55 - camera.camera_manager - INFO - Захват с камеры остановлен
2025-06-23 01:08:55 - gui.main_window - INFO - Камера остановлена
2025-06-23 01:09:02 - camera.camera_manager - INFO - Захват с камеры запущен
2025-06-23 01:09:02 - gui.main_window - INFO - Камера запущена
2025-06-23 01:09:03 - gui.main_window - INFO - Кадр захвачен с камеры
2025-06-23 01:09:03 - gui.main_window - INFO - Кадр захвачен с камеры
2025-06-23 01:09:04 - camera.camera_manager - INFO - Захват с камеры остановлен
2025-06-23 01:09:04 - gui.main_window - INFO - Камера остановлена
2025-06-23 01:09:07 - processing.image_processor - INFO - Добавлена черная рамка: top=10, bottom=10, left=10, right=10
2025-06-23 01:09:07 - gui.main_window - INFO - Обработка выполнена: add_black_border
2025-06-23 01:09:13 - processing.image_processor - INFO - Нарисован прямоугольник: верхний левый угол=(0, 0), размер=100x100
2025-06-23 01:09:13 - gui.main_window - INFO - Обработка выполнена: draw_blue_rectangle
2025-06-23 01:09:24 - processing.image_processor - INFO - Нарисован прямоугольник: верхний левый угол=(230, 200), размер=100x100
2025-06-23 01:09:24 - gui.main_window - INFO - Обработка выполнена: draw_blue_rectangle
2025-06-23 01:09:27 - gui.main_window - INFO - Приложение закрыто
